Using pre-set license

 COMMAND LINE ARGUMENTS:
/Applications/Unity/Hub/Editor/2020.3.4f1/Unity.app/Contents/MacOS/Unity
-adb2
-batchMode
-noUpm
-name
AssetImportWorker0
-projectPath
/Users/tonaepatterson/3DCarGameOfficial
-logFile
Logs/AssetImportWorker0.log
-srvPort
59297
Successfully changed project path to: /Users/tonaepatterson/3DCarGameOfficial
/Users/tonaepatterson/3DCarGameOfficial
Using Asset Import Pipeline V2.
Refreshing native plugins compatible for Editor in 42.78 ms, found 1 plugins.
Preloading 0 native plugins for Editor in 0.00 ms.
Initialize engine version: 2020.3.4f1 (0abb6314276a)
[Subsystems] Discovering subsystems at path /Applications/Unity/Hub/Editor/2020.3.4f1/Unity.app/Contents/Resources/UnitySubsystems
[Subsystems] Discovering subsystems at path /Users/tonaepatterson/3DCarGameOfficial/Assets
GfxDevice: creating device client; threaded=0
2021-04-26 04:14:38.675 Unity[8229:604056] Color LCD preferred device: Intel Iris Pro Graphics (low power)
2021-04-26 04:14:38.675 Unity[8229:604056] Metal devices available: 1
2021-04-26 04:14:38.675 Unity[8229:604056] 0: Intel Iris Pro Graphics (low power)
2021-04-26 04:14:38.675 Unity[8229:604056] Using device Intel Iris Pro Graphics (low power)
Initializing Metal device caps: Intel Iris Pro Graphics
Initialize mono
Mono path[0] = '/Applications/Unity/Hub/Editor/2020.3.4f1/Unity.app/Contents/Managed'
Mono path[1] = '/Applications/Unity/Hub/Editor/2020.3.4f1/Unity.app/Contents/MonoBleedingEdge/lib/mono/unityjit'
Mono config path = '/Applications/Unity/Hub/Editor/2020.3.4f1/Unity.app/Contents/MonoBleedingEdge/etc'
Using monoOptions --debugger-agent=transport=dt_socket,embedding=1,server=y,suspend=n,address=127.0.0.1:56229
Begin MonoManager ReloadAssembly
Registering precompiled unity dll's ...
Register platform support module: /Applications/Unity/Hub/Editor/2020.3.4f1/PlaybackEngines/WebGLSupport/UnityEditor.WebGL.Extensions.dll
Register platform support module: /Applications/Unity/Hub/Editor/2020.3.4f1/Unity.app/Contents/PlaybackEngines/MacStandaloneSupport/UnityEditor.OSXStandalone.Extensions.dll
Registered in 0.001037 seconds.
Native extension for OSXStandalone target not found
Native extension for WebGL target not found
Refreshing native plugins compatible for Editor in 45.06 ms, found 1 plugins.
Preloading 0 native plugins for Editor in 0.00 ms.
Mono: successfully reloaded assembly
- Completed reload, in  1.787 seconds
Platform modules already initialized, skipping
Registering precompiled user dll's ...
Registered in 0.000613 seconds.
Begin MonoManager ReloadAssembly
Native extension for OSXStandalone target not found
Native extension for WebGL target not found
Refreshing native plugins compatible for Editor in 0.39 ms, found 1 plugins.
Preloading 0 native plugins for Editor in 0.00 ms.
Mono: successfully reloaded assembly
- Completed reload, in  1.169 seconds
Platform modules already initialized, skipping
========================================================================
Worker process is ready to serve import requests
Launching external process: /Applications/Unity/Hub/Editor/2020.3.4f1/Unity.app/Contents/Tools/UnityShaderCompiler
Launched and connected shader compiler UnityShaderCompiler after 0.02 seconds
Refreshing native plugins compatible for Editor in 0.38 ms, found 1 plugins.
Preloading 0 native plugins for Editor in 0.00 ms.
Unloading 1453 Unused Serialized files (Serialized files now loaded: 0)
System memory in use before: 177.6 MB.
System memory in use after: 177.6 MB.

Unloading 13 unused Assets to reduce memory usage. Loaded Objects now: 1950.
Total: 2.735274 ms (FindLiveObjects: 0.268101 ms CreateObjectMapping: 0.065163 ms MarkObjects: 2.200468 ms  DeleteObjects: 0.200437 ms)

========================================================================
Received Import Request.
  path: Assets/Audio/Music
  artifactKey: Guid(e06096c1c69444a5b83d4d6aa839eec9) Importer(815301076,1909f56bfc062723c751e8b465ee728b)
Start importing Assets/Audio/Music using Guid(e06096c1c69444a5b83d4d6aa839eec9) Importer(815301076,1909f56bfc062723c751e8b465ee728b)  -> (artifact id: 'b672e993108b7c86c747666b346204b0') in 0.006486 seconds
  Import took 0.010197 seconds .

========================================================================
Received Import Request.
  Time since last request: 19.064337 seconds.
  path: Assets/Audio/Music/bag-raiders-shooting-stars.mp3
  artifactKey: Guid(c077aad2d44c14b48ad1d41954c48d77) Importer(815301076,1909f56bfc062723c751e8b465ee728b)
Start importing Assets/Audio/Music/bag-raiders-shooting-stars.mp3 using Guid(c077aad2d44c14b48ad1d41954c48d77) Importer(815301076,1909f56bfc062723c751e8b465ee728b)  -> (artifact id: 'a0bcf6bdc8df92d3db34672307ecb48f') in 1.358284 seconds
  Import took 1.361800 seconds .

========================================================================
Received Prepare
Registering precompiled user dll's ...
Registered in 0.000849 seconds.
Begin MonoManager ReloadAssembly
Native extension for OSXStandalone target not found
Native extension for WebGL target not found
Refreshing native plugins compatible for Editor in 0.42 ms, found 1 plugins.
Preloading 0 native plugins for Editor in 0.00 ms.
Mono: successfully reloaded assembly
- Completed reload, in  1.203 seconds
Platform modules already initialized, skipping
Refreshing native plugins compatible for Editor in 0.42 ms, found 1 plugins.
Preloading 0 native plugins for Editor in 0.00 ms.
Unloading 1400 Unused Serialized files (Serialized files now loaded: 0)
System memory in use before: 181.0 MB.
System memory in use after: 181.1 MB.

Unloading 5 unused Assets to reduce memory usage. Loaded Objects now: 1962.
Total: 3.531041 ms (FindLiveObjects: 0.357049 ms CreateObjectMapping: 0.099634 ms MarkObjects: 2.793227 ms  DeleteObjects: 0.278336 ms)

========================================================================
Received Prepare
Registering precompiled user dll's ...
Registered in 0.000508 seconds.
Begin MonoManager ReloadAssembly
Native extension for OSXStandalone target not found
Native extension for WebGL target not found
Refreshing native plugins compatible for Editor in 0.43 ms, found 1 plugins.
Preloading 0 native plugins for Editor in 0.00 ms.
Mono: successfully reloaded assembly
- Completed reload, in  1.152 seconds
Platform modules already initialized, skipping
Refreshing native plugins compatible for Editor in 0.50 ms, found 1 plugins.
Preloading 0 native plugins for Editor in 0.00 ms.
Unloading 1400 Unused Serialized files (Serialized files now loaded: 0)
System memory in use before: 181.6 MB.
System memory in use after: 181.6 MB.

Unloading 5 unused Assets to reduce memory usage. Loaded Objects now: 1965.
Total: 2.265618 ms (FindLiveObjects: 0.243133 ms CreateObjectMapping: 0.066002 ms MarkObjects: 1.838240 ms  DeleteObjects: 0.117386 ms)

========================================================================
Received Prepare
Registering precompiled user dll's ...
Registered in 0.000480 seconds.
Begin MonoManager ReloadAssembly
Native extension for OSXStandalone target not found
Native extension for WebGL target not found
Refreshing native plugins compatible for Editor in 0.41 ms, found 1 plugins.
Preloading 0 native plugins for Editor in 0.00 ms.
Mono: successfully reloaded assembly
- Completed reload, in  1.135 seconds
Platform modules already initialized, skipping
Refreshing native plugins compatible for Editor in 0.41 ms, found 1 plugins.
Preloading 0 native plugins for Editor in 0.00 ms.
Unloading 1400 Unused Serialized files (Serialized files now loaded: 0)
System memory in use before: 182.1 MB.
System memory in use after: 182.2 MB.

Unloading 5 unused Assets to reduce memory usage. Loaded Objects now: 1968.
Total: 2.920378 ms (FindLiveObjects: 0.325787 ms CreateObjectMapping: 0.083033 ms MarkObjects: 2.339988 ms  DeleteObjects: 0.169552 ms)

========================================================================
Received Prepare
Registering precompiled user dll's ...
Registered in 0.000600 seconds.
Begin MonoManager ReloadAssembly
Native extension for OSXStandalone target not found
Native extension for WebGL target not found
Refreshing native plugins compatible for Editor in 0.41 ms, found 1 plugins.
Preloading 0 native plugins for Editor in 0.00 ms.
Mono: successfully reloaded assembly
- Completed reload, in  1.125 seconds
Platform modules already initialized, skipping
Refreshing native plugins compatible for Editor in 0.53 ms, found 1 plugins.
Preloading 0 native plugins for Editor in 0.00 ms.
Unloading 1400 Unused Serialized files (Serialized files now loaded: 0)
System memory in use before: 182.6 MB.
System memory in use after: 182.7 MB.

Unloading 5 unused Assets to reduce memory usage. Loaded Objects now: 1971.
Total: 2.558881 ms (FindLiveObjects: 0.319160 ms CreateObjectMapping: 0.077468 ms MarkObjects: 2.032074 ms  DeleteObjects: 0.128679 ms)

========================================================================
Received Prepare
Registering precompiled user dll's ...
Registered in 0.000450 seconds.
Begin MonoManager ReloadAssembly
Native extension for OSXStandalone target not found
Native extension for WebGL target not found
Refreshing native plugins compatible for Editor in 0.47 ms, found 1 plugins.
Preloading 0 native plugins for Editor in 0.00 ms.
Mono: successfully reloaded assembly
- Completed reload, in  1.186 seconds
Platform modules already initialized, skipping
Refreshing native plugins compatible for Editor in 0.44 ms, found 1 plugins.
Preloading 0 native plugins for Editor in 0.00 ms.
Unloading 1400 Unused Serialized files (Serialized files now loaded: 0)
System memory in use before: 183.2 MB.
System memory in use after: 183.2 MB.

Unloading 5 unused Assets to reduce memory usage. Loaded Objects now: 1974.
Total: 2.583169 ms (FindLiveObjects: 0.232378 ms CreateObjectMapping: 0.064506 ms MarkObjects: 2.135421 ms  DeleteObjects: 0.149442 ms)

========================================================================
Received Import Request.
  Time since last request: 829.223908 seconds.
  path: Assets/Scripts/LoadLapTime.cs
  artifactKey: Guid(4845af276ff10468bb00ecce1856faa0) Importer(815301076,1909f56bfc062723c751e8b465ee728b)
Start importing Assets/Scripts/LoadLapTime.cs using Guid(4845af276ff10468bb00ecce1856faa0) Importer(815301076,1909f56bfc062723c751e8b465ee728b)  -> (artifact id: 'ca4c4dd19377d8abfebe8ce5930ee3f2') in 0.643337 seconds
  Import took 0.647084 seconds .

========================================================================
Received Prepare
Registering precompiled user dll's ...
Registered in 0.000614 seconds.
Begin MonoManager ReloadAssembly
Native extension for OSXStandalone target not found
Native extension for WebGL target not found
Refreshing native plugins compatible for Editor in 0.42 ms, found 1 plugins.
Preloading 0 native plugins for Editor in 0.00 ms.
Mono: successfully reloaded assembly
- Completed reload, in  1.206 seconds
Platform modules already initialized, skipping
Refreshing native plugins compatible for Editor in 0.46 ms, found 1 plugins.
Preloading 0 native plugins for Editor in 0.00 ms.
Unloading 1401 Unused Serialized files (Serialized files now loaded: 0)
System memory in use before: 187.9 MB.
System memory in use after: 188.0 MB.

Unloading 5 unused Assets to reduce memory usage. Loaded Objects now: 1978.
Total: 2.805028 ms (FindLiveObjects: 0.293432 ms CreateObjectMapping: 0.077987 ms MarkObjects: 2.301699 ms  DeleteObjects: 0.129154 ms)

========================================================================
Received Prepare
Registering precompiled user dll's ...
Registered in 0.000713 seconds.
Begin MonoManager ReloadAssembly
Native extension for OSXStandalone target not found
Native extension for WebGL target not found
Refreshing native plugins compatible for Editor in 0.41 ms, found 1 plugins.
Preloading 0 native plugins for Editor in 0.00 ms.
Mono: successfully reloaded assembly
- Completed reload, in  1.228 seconds
Platform modules already initialized, skipping
Refreshing native plugins compatible for Editor in 0.51 ms, found 1 plugins.
Preloading 0 native plugins for Editor in 0.00 ms.
Unloading 1401 Unused Serialized files (Serialized files now loaded: 0)
System memory in use before: 188.4 MB.
System memory in use after: 188.5 MB.

Unloading 5 unused Assets to reduce memory usage. Loaded Objects now: 1981.
Total: 2.311961 ms (FindLiveObjects: 0.232323 ms CreateObjectMapping: 0.058046 ms MarkObjects: 1.876916 ms  DeleteObjects: 0.143433 ms)

========================================================================
Received Import Request.
  Time since last request: 82.238497 seconds.
  path: Assets/Scripts/LoadLapTime.cs
  artifactKey: Guid(4845af276ff10468bb00ecce1856faa0) Importer(815301076,1909f56bfc062723c751e8b465ee728b)
Start importing Assets/Scripts/LoadLapTime.cs using Guid(4845af276ff10468bb00ecce1856faa0) Importer(815301076,1909f56bfc062723c751e8b465ee728b)  -> (artifact id: '14149ba60e8f9a4710d63a343ed7836b') in 0.005989 seconds
  Import took 0.009349 seconds .

========================================================================
Received Prepare
Registering precompiled user dll's ...
Registered in 0.001728 seconds.
Begin MonoManager ReloadAssembly
Native extension for OSXStandalone target not found
Native extension for WebGL target not found
Refreshing native plugins compatible for Editor in 0.42 ms, found 1 plugins.
Preloading 0 native plugins for Editor in 0.00 ms.
Mono: successfully reloaded assembly
- Completed reload, in  1.392 seconds
Platform modules already initialized, skipping
Refreshing native plugins compatible for Editor in 0.44 ms, found 1 plugins.
Preloading 0 native plugins for Editor in 0.00 ms.
Unloading 1401 Unused Serialized files (Serialized files now loaded: 0)
System memory in use before: 189.0 MB.
System memory in use after: 189.1 MB.

Unloading 5 unused Assets to reduce memory usage. Loaded Objects now: 1984.
Total: 4.418822 ms (FindLiveObjects: 0.598338 ms CreateObjectMapping: 0.189615 ms MarkObjects: 3.403950 ms  DeleteObjects: 0.225057 ms)

========================================================================
Received Prepare
Registering precompiled user dll's ...
Registered in 0.001633 seconds.
Begin MonoManager ReloadAssembly
Native extension for OSXStandalone target not found
Native extension for WebGL target not found
Refreshing native plugins compatible for Editor in 0.43 ms, found 1 plugins.
Preloading 0 native plugins for Editor in 0.00 ms.
Mono: successfully reloaded assembly
- Completed reload, in  1.156 seconds
Platform modules already initialized, skipping
Refreshing native plugins compatible for Editor in 0.49 ms, found 1 plugins.
Preloading 0 native plugins for Editor in 0.00 ms.
Unloading 1401 Unused Serialized files (Serialized files now loaded: 0)
System memory in use before: 189.5 MB.
System memory in use after: 189.6 MB.

Unloading 5 unused Assets to reduce memory usage. Loaded Objects now: 1987.
Total: 2.107702 ms (FindLiveObjects: 0.202963 ms CreateObjectMapping: 0.054825 ms MarkObjects: 1.712150 ms  DeleteObjects: 0.136725 ms)

========================================================================
Received Prepare
Registering precompiled user dll's ...
Registered in 0.000510 seconds.
Begin MonoManager ReloadAssembly
Native extension for OSXStandalone target not found
Native extension for WebGL target not found
Refreshing native plugins compatible for Editor in 0.38 ms, found 1 plugins.
Preloading 0 native plugins for Editor in 0.00 ms.
Mono: successfully reloaded assembly
- Completed reload, in  1.055 seconds
Platform modules already initialized, skipping
Refreshing native plugins compatible for Editor in 0.94 ms, found 1 plugins.
Preloading 0 native plugins for Editor in 0.00 ms.
Unloading 1401 Unused Serialized files (Serialized files now loaded: 0)
System memory in use before: 190.1 MB.
System memory in use after: 190.1 MB.

Unloading 5 unused Assets to reduce memory usage. Loaded Objects now: 1990.
Total: 2.752473 ms (FindLiveObjects: 0.273100 ms CreateObjectMapping: 0.080806 ms MarkObjects: 2.247707 ms  DeleteObjects: 0.149620 ms)

========================================================================
Received Prepare
Registering precompiled user dll's ...
Registered in 0.000529 seconds.
Begin MonoManager ReloadAssembly
Native extension for OSXStandalone target not found
Native extension for WebGL target not found
Refreshing native plugins compatible for Editor in 0.40 ms, found 1 plugins.
Preloading 0 native plugins for Editor in 0.00 ms.
Mono: successfully reloaded assembly
- Completed reload, in  1.272 seconds
Platform modules already initialized, skipping
Refreshing native plugins compatible for Editor in 0.52 ms, found 1 plugins.
Preloading 0 native plugins for Editor in 0.00 ms.
Unloading 1401 Unused Serialized files (Serialized files now loaded: 0)
System memory in use before: 190.6 MB.
System memory in use after: 190.6 MB.

Unloading 5 unused Assets to reduce memory usage. Loaded Objects now: 1993.
Total: 2.435206 ms (FindLiveObjects: 0.261583 ms CreateObjectMapping: 0.080078 ms MarkObjects: 1.929368 ms  DeleteObjects: 0.162434 ms)

========================================================================
Received Prepare
Registering precompiled user dll's ...
Registered in 0.000620 seconds.
Begin MonoManager ReloadAssembly
Native extension for OSXStandalone target not found
Native extension for WebGL target not found
Refreshing native plugins compatible for Editor in 0.40 ms, found 1 plugins.
Preloading 0 native plugins for Editor in 0.00 ms.
Mono: successfully reloaded assembly
- Completed reload, in  1.201 seconds
Platform modules already initialized, skipping
Refreshing native plugins compatible for Editor in 0.42 ms, found 1 plugins.
Preloading 0 native plugins for Editor in 0.00 ms.
Unloading 1401 Unused Serialized files (Serialized files now loaded: 0)
System memory in use before: 191.1 MB.
System memory in use after: 191.2 MB.

Unloading 5 unused Assets to reduce memory usage. Loaded Objects now: 1996.
Total: 2.633798 ms (FindLiveObjects: 0.281615 ms CreateObjectMapping: 0.080498 ms MarkObjects: 2.119870 ms  DeleteObjects: 0.150398 ms)

========================================================================
Received Prepare
Registering precompiled user dll's ...
Registered in 0.000613 seconds.
Begin MonoManager ReloadAssembly
Native extension for OSXStandalone target not found
Native extension for WebGL target not found
Refreshing native plugins compatible for Editor in 0.41 ms, found 1 plugins.
Preloading 0 native plugins for Editor in 0.00 ms.
Mono: successfully reloaded assembly
- Completed reload, in  1.204 seconds
Platform modules already initialized, skipping
Refreshing native plugins compatible for Editor in 0.50 ms, found 1 plugins.
Preloading 0 native plugins for Editor in 0.00 ms.
Unloading 1401 Unused Serialized files (Serialized files now loaded: 0)
System memory in use before: 191.7 MB.
System memory in use after: 191.7 MB.

Unloading 5 unused Assets to reduce memory usage. Loaded Objects now: 1999.
Total: 2.486058 ms (FindLiveObjects: 0.321395 ms CreateObjectMapping: 0.067832 ms MarkObjects: 1.956997 ms  DeleteObjects: 0.138376 ms)

========================================================================
Received Prepare
Registering precompiled user dll's ...
Registered in 0.001362 seconds.
Begin MonoManager ReloadAssembly
Native extension for OSXStandalone target not found
Native extension for WebGL target not found
Refreshing native plugins compatible for Editor in 0.42 ms, found 1 plugins.
Preloading 0 native plugins for Editor in 0.00 ms.
Mono: successfully reloaded assembly
- Completed reload, in  1.175 seconds
Platform modules already initialized, skipping
Refreshing native plugins compatible for Editor in 0.46 ms, found 1 plugins.
Preloading 0 native plugins for Editor in 0.00 ms.
Unloading 1401 Unused Serialized files (Serialized files now loaded: 0)
System memory in use before: 192.2 MB.
System memory in use after: 192.2 MB.

Unloading 5 unused Assets to reduce memory usage. Loaded Objects now: 2002.
Total: 2.319883 ms (FindLiveObjects: 0.265149 ms CreateObjectMapping: 0.062458 ms MarkObjects: 1.856998 ms  DeleteObjects: 0.133433 ms)

========================================================================
Received Prepare
Registering precompiled user dll's ...
Registered in 0.000596 seconds.
Begin MonoManager ReloadAssembly
Native extension for OSXStandalone target not found
Native extension for WebGL target not found
Refreshing native plugins compatible for Editor in 0.38 ms, found 1 plugins.
Preloading 0 native plugins for Editor in 0.00 ms.
Mono: successfully reloaded assembly
- Completed reload, in  1.069 seconds
Platform modules already initialized, skipping
Refreshing native plugins compatible for Editor in 0.41 ms, found 1 plugins.
Preloading 0 native plugins for Editor in 0.00 ms.
Unloading 1401 Unused Serialized files (Serialized files now loaded: 0)
System memory in use before: 192.7 MB.
System memory in use after: 192.7 MB.

Unloading 5 unused Assets to reduce memory usage. Loaded Objects now: 2005.
Total: 2.979519 ms (FindLiveObjects: 0.434516 ms CreateObjectMapping: 0.080669 ms MarkObjects: 2.304023 ms  DeleteObjects: 0.158305 ms)

========================================================================
Received Import Request.
  Time since last request: 2826.947024 seconds.
  path: Packages/com.unity.timeline/package.json
  artifactKey: Guid(13a9c1b4df2e489e8eb9cacca7429596) Importer(815301076,1909f56bfc062723c751e8b465ee728b)
Start importing Packages/com.unity.timeline/package.json using Guid(13a9c1b4df2e489e8eb9cacca7429596) Importer(815301076,1909f56bfc062723c751e8b465ee728b)  -> (artifact id: '425bb9eb6746bc63509bda2dcbe703a2') in 0.330536 seconds
  Import took 0.335603 seconds .

========================================================================
Received Prepare
Registering precompiled user dll's ...
Registered in 0.000560 seconds.
Begin MonoManager ReloadAssembly
Native extension for OSXStandalone target not found
Native extension for WebGL target not found
Refreshing native plugins compatible for Editor in 0.39 ms, found 1 plugins.
Preloading 0 native plugins for Editor in 0.00 ms.
Mono: successfully reloaded assembly
- Completed reload, in  1.153 seconds
Platform modules already initialized, skipping
Refreshing native plugins compatible for Editor in 0.45 ms, found 1 plugins.
Preloading 0 native plugins for Editor in 0.00 ms.
Unloading 1401 Unused Serialized files (Serialized files now loaded: 0)
System memory in use before: 197.5 MB.
System memory in use after: 197.5 MB.

Unloading 5 unused Assets to reduce memory usage. Loaded Objects now: 2008.
Total: 3.144182 ms (FindLiveObjects: 0.231187 ms CreateObjectMapping: 0.184575 ms MarkObjects: 2.553541 ms  DeleteObjects: 0.173390 ms)

========================================================================
Received Prepare
Registering precompiled user dll's ...
Registered in 0.000534 seconds.
Begin MonoManager ReloadAssembly
Native extension for OSXStandalone target not found
Native extension for WebGL target not found
Refreshing native plugins compatible for Editor in 0.42 ms, found 1 plugins.
Preloading 0 native plugins for Editor in 0.00 ms.
Mono: successfully reloaded assembly
- Completed reload, in  1.285 seconds
Platform modules already initialized, skipping
Refreshing native plugins compatible for Editor in 0.40 ms, found 1 plugins.
Preloading 0 native plugins for Editor in 0.00 ms.
Unloading 1401 Unused Serialized files (Serialized files now loaded: 0)
System memory in use before: 198.0 MB.
System memory in use after: 198.1 MB.

Unloading 5 unused Assets to reduce memory usage. Loaded Objects now: 2011.
Total: 2.296482 ms (FindLiveObjects: 0.304995 ms CreateObjectMapping: 0.059063 ms MarkObjects: 1.794275 ms  DeleteObjects: 0.137044 ms)

========================================================================
Received Prepare
Registering precompiled user dll's ...
Registered in 0.000595 seconds.
Begin MonoManager ReloadAssembly
Native extension for OSXStandalone target not found
Native extension for WebGL target not found
Refreshing native plugins compatible for Editor in 0.89 ms, found 1 plugins.
Preloading 0 native plugins for Editor in 0.00 ms.
Mono: successfully reloaded assembly
- Completed reload, in  1.216 seconds
Platform modules already initialized, skipping
Refreshing native plugins compatible for Editor in 0.51 ms, found 1 plugins.
Preloading 0 native plugins for Editor in 0.00 ms.
Unloading 1401 Unused Serialized files (Serialized files now loaded: 0)
System memory in use before: 198.5 MB.
System memory in use after: 198.6 MB.

Unloading 5 unused Assets to reduce memory usage. Loaded Objects now: 2014.
Total: 2.628433 ms (FindLiveObjects: 0.381744 ms CreateObjectMapping: 0.075699 ms MarkObjects: 2.030380 ms  DeleteObjects: 0.138436 ms)

========================================================================
Received Prepare
Registering precompiled user dll's ...
Registered in 0.001051 seconds.
Begin MonoManager ReloadAssembly
Native extension for OSXStandalone target not found
Native extension for WebGL target not found
Refreshing native plugins compatible for Editor in 0.41 ms, found 1 plugins.
Preloading 0 native plugins for Editor in 0.00 ms.
Mono: successfully reloaded assembly
- Completed reload, in  1.218 seconds
Platform modules already initialized, skipping
Refreshing native plugins compatible for Editor in 0.41 ms, found 1 plugins.
Preloading 0 native plugins for Editor in 0.00 ms.
Unloading 1401 Unused Serialized files (Serialized files now loaded: 0)
System memory in use before: 199.0 MB.
System memory in use after: 199.1 MB.

Unloading 5 unused Assets to reduce memory usage. Loaded Objects now: 2017.
Total: 2.406799 ms (FindLiveObjects: 0.297724 ms CreateObjectMapping: 0.135170 ms MarkObjects: 1.801286 ms  DeleteObjects: 0.171288 ms)

========================================================================
Received Prepare
Registering precompiled user dll's ...
Registered in 0.001029 seconds.
Begin MonoManager ReloadAssembly
Native extension for OSXStandalone target not found
Native extension for WebGL target not found
Refreshing native plugins compatible for Editor in 0.50 ms, found 1 plugins.
Preloading 0 native plugins for Editor in 0.00 ms.
Mono: successfully reloaded assembly
- Completed reload, in  1.210 seconds
Platform modules already initialized, skipping
Refreshing native plugins compatible for Editor in 0.56 ms, found 1 plugins.
Preloading 0 native plugins for Editor in 0.00 ms.
Unloading 1401 Unused Serialized files (Serialized files now loaded: 0)
System memory in use before: 199.6 MB.
System memory in use after: 199.6 MB.

Unloading 5 unused Assets to reduce memory usage. Loaded Objects now: 2020.
Total: 2.994832 ms (FindLiveObjects: 0.293541 ms CreateObjectMapping: 0.094750 ms MarkObjects: 2.479148 ms  DeleteObjects: 0.126309 ms)

========================================================================
Received Prepare
Registering precompiled user dll's ...
Registered in 0.000538 seconds.
Begin MonoManager ReloadAssembly
Native extension for OSXStandalone target not found
Native extension for WebGL target not found
Refreshing native plugins compatible for Editor in 0.43 ms, found 1 plugins.
Preloading 0 native plugins for Editor in 0.00 ms.
Mono: successfully reloaded assembly
- Completed reload, in  1.156 seconds
Platform modules already initialized, skipping
Refreshing native plugins compatible for Editor in 0.43 ms, found 1 plugins.
Preloading 0 native plugins for Editor in 0.00 ms.
Unloading 1401 Unused Serialized files (Serialized files now loaded: 0)
System memory in use before: 200.1 MB.
System memory in use after: 200.2 MB.

Unloading 5 unused Assets to reduce memory usage. Loaded Objects now: 2023.
Total: 2.807387 ms (FindLiveObjects: 0.326553 ms CreateObjectMapping: 0.066217 ms MarkObjects: 2.269690 ms  DeleteObjects: 0.143246 ms)

========================================================================
Received Prepare
Registering precompiled user dll's ...
Registered in 0.001108 seconds.
Begin MonoManager ReloadAssembly
Native extension for OSXStandalone target not found
Native extension for WebGL target not found
Refreshing native plugins compatible for Editor in 0.41 ms, found 1 plugins.
Preloading 0 native plugins for Editor in 0.00 ms.
Mono: successfully reloaded assembly
- Completed reload, in  1.228 seconds
Platform modules already initialized, skipping
Refreshing native plugins compatible for Editor in 0.40 ms, found 1 plugins.
Preloading 0 native plugins for Editor in 0.00 ms.
Unloading 1401 Unused Serialized files (Serialized files now loaded: 0)
System memory in use before: 200.6 MB.
System memory in use after: 200.7 MB.

Unloading 5 unused Assets to reduce memory usage. Loaded Objects now: 2026.
Total: 3.168159 ms (FindLiveObjects: 0.465616 ms CreateObjectMapping: 0.104291 ms MarkObjects: 2.458734 ms  DeleteObjects: 0.136601 ms)

========================================================================
Received Prepare
Registering precompiled user dll's ...
Registered in 0.000544 seconds.
Begin MonoManager ReloadAssembly
Native extension for OSXStandalone target not found
Native extension for WebGL target not found
Refreshing native plugins compatible for Editor in 0.58 ms, found 1 plugins.
Preloading 0 native plugins for Editor in 0.00 ms.
Mono: successfully reloaded assembly
- Completed reload, in  1.236 seconds
Platform modules already initialized, skipping
Refreshing native plugins compatible for Editor in 0.46 ms, found 1 plugins.
Preloading 0 native plugins for Editor in 0.00 ms.
Unloading 1401 Unused Serialized files (Serialized files now loaded: 0)
System memory in use before: 201.2 MB.
System memory in use after: 201.2 MB.

Unloading 5 unused Assets to reduce memory usage. Loaded Objects now: 2029.
Total: 2.490120 ms (FindLiveObjects: 0.238858 ms CreateObjectMapping: 0.056131 ms MarkObjects: 1.982135 ms  DeleteObjects: 0.211410 ms)

========================================================================
Received Prepare
Registering precompiled user dll's ...
Registered in 0.000571 seconds.
Begin MonoManager ReloadAssembly
Native extension for OSXStandalone target not found
Native extension for WebGL target not found
Refreshing native plugins compatible for Editor in 0.53 ms, found 1 plugins.
Preloading 0 native plugins for Editor in 0.00 ms.
Mono: successfully reloaded assembly
- Completed reload, in  1.323 seconds
Platform modules already initialized, skipping
Refreshing native plugins compatible for Editor in 0.83 ms, found 1 plugins.
Preloading 0 native plugins for Editor in 0.00 ms.
Unloading 1401 Unused Serialized files (Serialized files now loaded: 0)
System memory in use before: 201.7 MB.
System memory in use after: 201.7 MB.

Unloading 5 unused Assets to reduce memory usage. Loaded Objects now: 2032.
Total: 3.794453 ms (FindLiveObjects: 0.320591 ms CreateObjectMapping: 0.133742 ms MarkObjects: 3.159189 ms  DeleteObjects: 0.179192 ms)

========================================================================
Received Prepare
Registering precompiled user dll's ...
Registered in 0.000652 seconds.
Begin MonoManager ReloadAssembly
Native extension for OSXStandalone target not found
Native extension for WebGL target not found
Refreshing native plugins compatible for Editor in 0.40 ms, found 1 plugins.
Preloading 0 native plugins for Editor in 0.00 ms.
Mono: successfully reloaded assembly
- Completed reload, in  1.172 seconds
Platform modules already initialized, skipping
Refreshing native plugins compatible for Editor in 0.60 ms, found 1 plugins.
Preloading 0 native plugins for Editor in 0.00 ms.
Unloading 1401 Unused Serialized files (Serialized files now loaded: 0)
System memory in use before: 202.2 MB.
System memory in use after: 202.3 MB.

Unloading 5 unused Assets to reduce memory usage. Loaded Objects now: 2035.
Total: 3.056124 ms (FindLiveObjects: 0.354514 ms CreateObjectMapping: 0.081707 ms MarkObjects: 2.452620 ms  DeleteObjects: 0.165207 ms)

========================================================================
Received Prepare
Registering precompiled user dll's ...
Registered in 0.000443 seconds.
Begin MonoManager ReloadAssembly
Native extension for OSXStandalone target not found
Native extension for WebGL target not found
Refreshing native plugins compatible for Editor in 0.75 ms, found 1 plugins.
Preloading 0 native plugins for Editor in 0.00 ms.
Mono: successfully reloaded assembly
- Completed reload, in  1.316 seconds
Platform modules already initialized, skipping
Refreshing native plugins compatible for Editor in 0.42 ms, found 1 plugins.
Preloading 0 native plugins for Editor in 0.00 ms.
Unloading 1401 Unused Serialized files (Serialized files now loaded: 0)
System memory in use before: 202.7 MB.
System memory in use after: 202.8 MB.

Unloading 5 unused Assets to reduce memory usage. Loaded Objects now: 2038.
Total: 2.969692 ms (FindLiveObjects: 0.354085 ms CreateObjectMapping: 0.083353 ms MarkObjects: 2.366008 ms  DeleteObjects: 0.163781 ms)

========================================================================
Received Prepare
Registering precompiled user dll's ...
Registered in 0.000594 seconds.
Begin MonoManager ReloadAssembly
Native extension for OSXStandalone target not found
Native extension for WebGL target not found
Refreshing native plugins compatible for Editor in 0.44 ms, found 1 plugins.
Preloading 0 native plugins for Editor in 0.00 ms.
Mono: successfully reloaded assembly
- Completed reload, in  1.173 seconds
Platform modules already initialized, skipping
Refreshing native plugins compatible for Editor in 0.41 ms, found 1 plugins.
Preloading 0 native plugins for Editor in 0.00 ms.
Unloading 1401 Unused Serialized files (Serialized files now loaded: 0)
System memory in use before: 203.3 MB.
System memory in use after: 203.3 MB.

Unloading 5 unused Assets to reduce memory usage. Loaded Objects now: 2041.
Total: 2.302097 ms (FindLiveObjects: 0.241378 ms CreateObjectMapping: 0.064088 ms MarkObjects: 1.849179 ms  DeleteObjects: 0.145679 ms)

========================================================================
Received Prepare
Registering precompiled user dll's ...
Registered in 0.000774 seconds.
Begin MonoManager ReloadAssembly
Native extension for OSXStandalone target not found
Native extension for WebGL target not found
Refreshing native plugins compatible for Editor in 0.38 ms, found 1 plugins.
Preloading 0 native plugins for Editor in 0.00 ms.
Mono: successfully reloaded assembly
- Completed reload, in  1.117 seconds
Platform modules already initialized, skipping
Refreshing native plugins compatible for Editor in 0.38 ms, found 1 plugins.
Preloading 0 native plugins for Editor in 0.00 ms.
Unloading 1401 Unused Serialized files (Serialized files now loaded: 0)
System memory in use before: 203.8 MB.
System memory in use after: 203.8 MB.

Unloading 5 unused Assets to reduce memory usage. Loaded Objects now: 2044.
Total: 2.832083 ms (FindLiveObjects: 0.346266 ms CreateObjectMapping: 0.081386 ms MarkObjects: 2.243048 ms  DeleteObjects: 0.159538 ms)

========================================================================
Received Prepare
Registering precompiled user dll's ...
Registered in 0.001219 seconds.
Begin MonoManager ReloadAssembly
Native extension for OSXStandalone target not found
Native extension for WebGL target not found
Refreshing native plugins compatible for Editor in 0.38 ms, found 1 plugins.
Preloading 0 native plugins for Editor in 0.00 ms.
Mono: successfully reloaded assembly
- Completed reload, in  1.097 seconds
Platform modules already initialized, skipping
Refreshing native plugins compatible for Editor in 0.47 ms, found 1 plugins.
Preloading 0 native plugins for Editor in 0.00 ms.
Unloading 1401 Unused Serialized files (Serialized files now loaded: 0)
System memory in use before: 204.3 MB.
System memory in use after: 204.4 MB.

Unloading 5 unused Assets to reduce memory usage. Loaded Objects now: 2047.
Total: 2.405759 ms (FindLiveObjects: 0.221010 ms CreateObjectMapping: 0.064441 ms MarkObjects: 1.963708 ms  DeleteObjects: 0.155567 ms)

========================================================================
Received Prepare
Registering precompiled user dll's ...
Registered in 0.000505 seconds.
Begin MonoManager ReloadAssembly
Native extension for OSXStandalone target not found
Native extension for WebGL target not found
Refreshing native plugins compatible for Editor in 0.42 ms, found 1 plugins.
Preloading 0 native plugins for Editor in 0.00 ms.
Mono: successfully reloaded assembly
- Completed reload, in  1.090 seconds
Platform modules already initialized, skipping
Refreshing native plugins compatible for Editor in 0.42 ms, found 1 plugins.
Preloading 0 native plugins for Editor in 0.00 ms.
Unloading 1401 Unused Serialized files (Serialized files now loaded: 0)
System memory in use before: 204.8 MB.
System memory in use after: 204.9 MB.

Unloading 5 unused Assets to reduce memory usage. Loaded Objects now: 2050.
Total: 2.559584 ms (FindLiveObjects: 0.311231 ms CreateObjectMapping: 0.065403 ms MarkObjects: 2.045351 ms  DeleteObjects: 0.135617 ms)

========================================================================
Received Prepare
Registering precompiled user dll's ...
Registered in 0.000582 seconds.
Begin MonoManager ReloadAssembly
Native extension for OSXStandalone target not found
Native extension for WebGL target not found
Refreshing native plugins compatible for Editor in 0.41 ms, found 1 plugins.
Preloading 0 native plugins for Editor in 0.00 ms.
Mono: successfully reloaded assembly
- Completed reload, in  1.219 seconds
Platform modules already initialized, skipping
Refreshing native plugins compatible for Editor in 0.75 ms, found 1 plugins.
Preloading 0 native plugins for Editor in 0.00 ms.
Unloading 1401 Unused Serialized files (Serialized files now loaded: 0)
System memory in use before: 205.4 MB.
System memory in use after: 205.4 MB.

Unloading 5 unused Assets to reduce memory usage. Loaded Objects now: 2053.
Total: 2.812630 ms (FindLiveObjects: 0.331968 ms CreateObjectMapping: 0.138676 ms MarkObjects: 2.189276 ms  DeleteObjects: 0.149443 ms)

========================================================================
Received Prepare
Registering precompiled user dll's ...
Registered in 0.000515 seconds.
Begin MonoManager ReloadAssembly
Native extension for OSXStandalone target not found
Native extension for WebGL target not found
Refreshing native plugins compatible for Editor in 0.52 ms, found 1 plugins.
Preloading 0 native plugins for Editor in 0.00 ms.
Mono: successfully reloaded assembly
- Completed reload, in  1.487 seconds
Platform modules already initialized, skipping
Refreshing native plugins compatible for Editor in 0.66 ms, found 1 plugins.
Preloading 0 native plugins for Editor in 0.00 ms.
Unloading 1401 Unused Serialized files (Serialized files now loaded: 0)
System memory in use before: 205.9 MB.
System memory in use after: 205.9 MB.

Unloading 5 unused Assets to reduce memory usage. Loaded Objects now: 2056.
Total: 3.942614 ms (FindLiveObjects: 0.364833 ms CreateObjectMapping: 0.134947 ms MarkObjects: 3.238051 ms  DeleteObjects: 0.202975 ms)

